c:\users\satwikowirawan\source\repos\ray-tracer\x64\release\vc141.pdb
c:\users\satwikowirawan\source\repos\ray-tracer\x64\release\tiny_obj_loader_exp.obj
c:\users\satwikowirawan\source\repos\ray-tracer\x64\release\template.obj
c:\users\satwikowirawan\source\repos\ray-tracer\x64\release\surface.obj
c:\users\satwikowirawan\source\repos\ray-tracer\x64\release\sphere.obj
c:\users\satwikowirawan\source\repos\ray-tracer\x64\release\scene.obj
c:\users\satwikowirawan\source\repos\ray-tracer\x64\release\raytracer.obj
c:\users\satwikowirawan\source\repos\ray-tracer\x64\release\ray.obj
c:\users\satwikowirawan\source\repos\ray-tracer\x64\release\quarticsolver.obj
c:\users\satwikowirawan\source\repos\ray-tracer\x64\release\primitive.obj
c:\users\satwikowirawan\source\repos\ray-tracer\x64\release\plane.obj
c:\users\satwikowirawan\source\repos\ray-tracer\x64\release\material.obj
c:\users\satwikowirawan\source\repos\ray-tracer\x64\release\light.obj
c:\users\satwikowirawan\source\repos\ray-tracer\x64\release\game.obj
c:\users\satwikowirawan\source\repos\ray-tracer\x64\release\cylinder.obj
c:\users\satwikowirawan\source\repos\ray-tracer\x64\release\camera.obj
c:\users\satwikowirawan\source\repos\ray-tracer\x64\release\bvhnode.obj
c:\users\satwikowirawan\source\repos\ray-tracer\x64\release\bvh.obj
c:\users\satwikowirawan\source\repos\ray-tracer\x64\release\aabb.obj
c:\users\satwikowirawan\source\repos\ray-tracer\x64\release\glm.obj
c:\users\satwikowirawan\source\repos\ray-tracer\x64\release\dummy.obj
c:\users\satwikowirawan\source\repos\ray-tracer\x64\release\triangle.obj
c:\users\satwikowirawan\source\repos\ray-tracer\x64\release\torus.obj
c:\users\satwikowirawan\source\repos\ray-tracer\x64\release\template.exe
c:\users\satwikowirawan\source\repos\ray-tracer\x64\release\template.pdb
c:\users\satwikowirawan\source\repos\ray-tracer\x64\release\template.tlog\cl.command.1.tlog
c:\users\satwikowirawan\source\repos\ray-tracer\x64\release\template.tlog\cl.read.1.tlog
c:\users\satwikowirawan\source\repos\ray-tracer\x64\release\template.tlog\cl.write.1.tlog
c:\users\satwikowirawan\source\repos\ray-tracer\x64\release\template.tlog\link.command.1.tlog
c:\users\satwikowirawan\source\repos\ray-tracer\x64\release\template.tlog\link.delete.1.tlog
c:\users\satwikowirawan\source\repos\ray-tracer\x64\release\template.tlog\link.read.1.tlog
c:\users\satwikowirawan\source\repos\ray-tracer\x64\release\template.tlog\link.write.1.tlog
