cl : Command line warning D9002: ignoring unknown option '/arch:SSE2'
  AABB.cpp
  BVH.cpp
src\BVH.cpp(27): warning C4267: '=': conversion from 'size_t' to 'int', possible loss of data
src\BVH.cpp(28): warning C4267: 'argument': conversion from 'size_t' to 'int', possible loss of data
  BVHNode.cpp
  Camera.cpp
  Cylinder.cpp
  Light.cpp
  Material.cpp
  Plane.cpp
  Primitive.cpp
  Ray.cpp
  RayTracer.cpp
  Scene.cpp
src\Scene.cpp(79): warning C4477: 'printf' : format string '%i' requires an argument of type 'int', but variadic argument 1 has type 'unsigned __int64'
  src\Scene.cpp(79): note: consider using '%zi' in the format string
src\Scene.cpp(125): warning C4101: 'texcoord': unreferenced local variable
  Sphere.cpp
  Torus.cpp
  Triangle.cpp
  game.cpp
src\game.cpp(26): warning C4267: '+=': conversion from 'size_t' to 'int', possible loss of data
  surface.cpp
  template.cpp
  Generating Code...
  tmpl84.00a_2015.vcxproj -> C:\Users\satwikowirawan\source\repos\ray-tracer\x64\Debug\Template.exe
